{"/home/runner/work/biatec-tokens/biatec-tokens/src/components/HelloWorld.vue": {"path":"/home/runner/work/biatec-tokens/biatec-tokens/src/components/HelloWorld.vue","statementMap":{"0":{"start":{"line":6,"column":6},"end":{"line":6,"column":null}},"1":{"start":{"line":12,"column":7},"end":{"line":12,"column":null}},"2":{"start":{"line":13,"column":34},"end":{"line":13,"column":43}}},"fnMap":{"0":{"name":"(anonymous_0)","decl":{"start":{"line":13,"column":32},"end":{"line":13,"column":34}},"loc":{"start":{"line":13,"column":34},"end":{"line":13,"column":43}},"line":13}},"branchMap":{"0":{"loc":{"start":{"line":13,"column":32},"end":{"line":13,"column":43}},"type":"binary-expr","locations":[{"start":{"line":13,"column":32},"end":{"line":13,"column":34}},{"start":{"line":13,"column":32},"end":{"line":13,"column":43}}],"line":13},"1":{"loc":{"start":{"line":13,"column":60},"end":{"line":17,"column":8}},"type":"binary-expr","locations":[{"start":{"line":13,"column":60},"end":{"line":13,"column":72}},{"start":{"line":13,"column":60},"end":{"line":17,"column":8}}],"line":13},"2":{"loc":{"start":{"line":20,"column":2},"end":{"line":25,"column":6}},"type":"binary-expr","locations":[{"start":{"line":20,"column":2},"end":{"line":20,"column":5}},{"start":{"line":20,"column":2},"end":{"line":25,"column":6}}],"line":20},"3":{"loc":{"start":{"line":26,"column":2},"end":{"line":33,"column":6}},"type":"binary-expr","locations":[{"start":{"line":26,"column":2},"end":{"line":26,"column":5}},{"start":{"line":26,"column":2},"end":{"line":33,"column":6}}],"line":26},"4":{"loc":{"start":{"line":34,"column":2},"end":{"line":34,"column":76}},"type":"binary-expr","locations":[{"start":{"line":34,"column":2},"end":{"line":34,"column":5}},{"start":{"line":34,"column":2},"end":{"line":34,"column":76}}],"line":34}},"s":{"0":4,"1":1,"2":2},"f":{"0":2},"b":{"0":[6,4],"1":[6,4],"2":[6,4],"3":[6,4],"4":[6,4]},"meta":{"lastBranch":0,"lastFunction":0,"lastStatement":0,"seen":{}}}
,"/home/runner/work/biatec-tokens/biatec-tokens/src/components/ui/Button.vue": {"path":"/home/runner/work/biatec-tokens/biatec-tokens/src/components/ui/Button.vue","statementMap":{"0":{"start":{"line":24,"column":14},"end":{"line":24,"column":null}},"1":{"start":{"line":36,"column":6},"end":{"line":56,"column":null}},"2":{"start":{"line":37,"column":15},"end":{"line":37,"column":null}},"3":{"start":{"line":39,"column":19},"end":{"line":45,"column":null}},"4":{"start":{"line":47,"column":16},"end":{"line":51,"column":null}},"5":{"start":{"line":53,"column":16},"end":{"line":53,"column":null}},"6":{"start":{"line":55,"column":2},"end":{"line":55,"column":null}},"7":{"start":{"line":2,"column":2},"end":{"line":9,"column":47}},"8":{"start":{"line":5,"column":12},"end":{"line":5,"column":null}}},"fnMap":{"0":{"name":"(anonymous_0)","decl":{"start":{"line":36,"column":31},"end":{"line":36,"column":37}},"loc":{"start":{"line":36,"column":37},"end":{"line":56,"column":1}},"line":36},"1":{"name":"(anonymous_1)","decl":{"start":{"line":5,"column":10},"end":{"line":5,"column":12}},"loc":{"start":{"line":5,"column":12},"end":{"line":5,"column":null}},"line":5}},"branchMap":{"0":{"loc":{"start":{"line":53,"column":16},"end":{"line":53,"column":null}},"type":"cond-expr","locations":[{"start":{"line":53,"column":34},"end":{"line":53,"column":45}},{"start":{"line":53,"column":45},"end":{"line":53,"column":null}}],"line":53},"1":{"loc":{"start":{"line":4,"column":15},"end":{"line":4,"column":null}},"type":"binary-expr","locations":[{"start":{"line":4,"column":15},"end":{"line":4,"column":27}},{"start":{"line":4,"column":27},"end":{"line":4,"column":null}}],"line":4},"2":{"loc":{"start":{"line":5,"column":10},"end":{"line":5,"column":null}},"type":"binary-expr","locations":[{"start":{"line":5,"column":10},"end":{"line":5,"column":12}},{"start":{"line":5,"column":10},"end":{"line":5,"column":null}}],"line":5},"3":{"loc":{"start":{"line":7,"column":15},"end":{"line":7,"column":null}},"type":"cond-expr","locations":[{"start":{"line":7,"column":15},"end":{"line":7,"column":null}},{"start":{"line":7,"column":122},"end":{"line":7,"column":null}}],"line":7},"4":{"loc":{"start":{"line":8,"column":29},"end":{"line":8,"column":null}},"type":"cond-expr","locations":[{"start":{"line":8,"column":29},"end":{"line":8,"column":null}},{"start":{"line":8,"column":45},"end":{"line":8,"column":null}}],"line":8},"5":{"loc":{"start":{"line":9,"column":16},"end":{"line":9,"column":47}},"type":"cond-expr","locations":[{"start":{"line":9,"column":23},"end":{"line":9,"column":47}},{"start":{"line":9,"column":40},"end":{"line":9,"column":47}}],"line":9}},"s":{"0":11,"1":11,"2":11,"3":11,"4":11,"5":11,"6":11,"7":11,"8":1},"f":{"0":11,"1":1},"b":{"0":[1,10],"1":[11,10],"2":[11,11],"3":[2,9],"4":[9,2],"5":[11,0]},"meta":{"lastBranch":6,"lastFunction":2,"lastStatement":9,"seen":{"s:24:14:24:Infinity":0,"s:36:6:56:Infinity":1,"f:36:31:36:37":0,"s:37:15:37:Infinity":2,"s:39:19:45:Infinity":3,"s:47:16:51:Infinity":4,"s:53:16:53:Infinity":5,"b:53:34:53:45:53:45:53:Infinity":0,"s:55:2:55:Infinity":6,"s:2:2:9:47":7,"b:4:15:4:27:4:27:4:Infinity":1,"b:5:10:5:12:5:10:5:Infinity":2,"f:5:10:5:12":1,"s:5:12:5:Infinity":8,"b:7:15:7:Infinity:7:122:7:Infinity":3,"b:8:29:8:Infinity:8:45:8:Infinity":4,"b:9:23:9:47:9:40:9:47":5}}}
,"/home/runner/work/biatec-tokens/biatec-tokens/src/services/BiatecTokensApiClient.ts": {"path":"/home/runner/work/biatec-tokens/biatec-tokens/src/services/BiatecTokensApiClient.ts","statementMap":{"0":{"start":{"line":18,"column":4},"end":{"line":18,"column":null}},"1":{"start":{"line":20,"column":4},"end":{"line":26,"column":null}},"2":{"start":{"line":28,"column":4},"end":{"line":28,"column":null}},"3":{"start":{"line":36,"column":4},"end":{"line":47,"column":null}},"4":{"start":{"line":39,"column":8},"end":{"line":41,"column":null}},"5":{"start":{"line":40,"column":10},"end":{"line":40,"column":null}},"6":{"start":{"line":42,"column":8},"end":{"line":42,"column":null}},"7":{"start":{"line":45,"column":8},"end":{"line":45,"column":null}},"8":{"start":{"line":50,"column":4},"end":{"line":69,"column":null}},"9":{"start":{"line":53,"column":8},"end":{"line":55,"column":null}},"10":{"start":{"line":54,"column":10},"end":{"line":54,"column":null}},"11":{"start":{"line":56,"column":8},"end":{"line":56,"column":null}},"12":{"start":{"line":60,"column":8},"end":{"line":66,"column":null}},"13":{"start":{"line":61,"column":10},"end":{"line":61,"column":null}},"14":{"start":{"line":62,"column":10},"end":{"line":65,"column":null}},"15":{"start":{"line":63,"column":12},"end":{"line":63,"column":null}},"16":{"start":{"line":64,"column":12},"end":{"line":64,"column":null}},"17":{"start":{"line":67,"column":8},"end":{"line":67,"column":null}},"18":{"start":{"line":79,"column":21},"end":{"line":79,"column":null}},"19":{"start":{"line":80,"column":4},"end":{"line":80,"column":null}},"20":{"start":{"line":91,"column":21},"end":{"line":91,"column":null}},"21":{"start":{"line":92,"column":4},"end":{"line":92,"column":null}},"22":{"start":{"line":103,"column":21},"end":{"line":103,"column":null}},"23":{"start":{"line":104,"column":4},"end":{"line":104,"column":null}},"24":{"start":{"line":114,"column":21},"end":{"line":114,"column":null}},"25":{"start":{"line":115,"column":4},"end":{"line":115,"column":null}},"26":{"start":{"line":123,"column":4},"end":{"line":123,"column":null}},"27":{"start":{"line":130,"column":4},"end":{"line":130,"column":null}},"28":{"start":{"line":140,"column":50},"end":{"line":140,"column":null}},"29":{"start":{"line":142,"column":28},"end":{"line":147,"column":null}},"30":{"start":{"line":143,"column":2},"end":{"line":145,"column":null}},"31":{"start":{"line":144,"column":4},"end":{"line":144,"column":null}},"32":{"start":{"line":146,"column":2},"end":{"line":146,"column":null}},"33":{"start":{"line":149,"column":25},"end":{"line":149,"column":null}}},"fnMap":{"0":{"name":"(anonymous_0)","decl":{"start":{"line":17,"column":2},"end":{"line":17,"column":14}},"loc":{"start":{"line":17,"column":32},"end":{"line":29,"column":null}},"line":17},"1":{"name":"(anonymous_1)","decl":{"start":{"line":34,"column":10},"end":{"line":34,"column":36}},"loc":{"start":{"line":34,"column":36},"end":{"line":70,"column":null}},"line":34},"2":{"name":"(anonymous_2)","decl":{"start":{"line":37,"column":6},"end":{"line":37,"column":7}},"loc":{"start":{"line":37,"column":18},"end":{"line":43,"column":null}},"line":37},"3":{"name":"(anonymous_3)","decl":{"start":{"line":44,"column":6},"end":{"line":44,"column":7}},"loc":{"start":{"line":44,"column":17},"end":{"line":46,"column":null}},"line":44},"4":{"name":"(anonymous_4)","decl":{"start":{"line":51,"column":6},"end":{"line":51,"column":7}},"loc":{"start":{"line":51,"column":20},"end":{"line":57,"column":null}},"line":51},"5":{"name":"(anonymous_5)","decl":{"start":{"line":58,"column":6},"end":{"line":58,"column":7}},"loc":{"start":{"line":58,"column":29},"end":{"line":68,"column":null}},"line":58},"6":{"name":"(anonymous_6)","decl":{"start":{"line":78,"column":8},"end":{"line":78,"column":21}},"loc":{"start":{"line":78,"column":75},"end":{"line":81,"column":null}},"line":78},"7":{"name":"(anonymous_7)","decl":{"start":{"line":90,"column":8},"end":{"line":90,"column":22}},"loc":{"start":{"line":90,"column":88},"end":{"line":93,"column":null}},"line":90},"8":{"name":"(anonymous_8)","decl":{"start":{"line":102,"column":8},"end":{"line":102,"column":21}},"loc":{"start":{"line":102,"column":87},"end":{"line":105,"column":null}},"line":102},"9":{"name":"(anonymous_9)","decl":{"start":{"line":113,"column":8},"end":{"line":113,"column":24}},"loc":{"start":{"line":113,"column":78},"end":{"line":116,"column":null}},"line":113},"10":{"name":"(anonymous_10)","decl":{"start":{"line":122,"column":8},"end":{"line":122,"column":70}},"loc":{"start":{"line":122,"column":70},"end":{"line":124,"column":null}},"line":122},"11":{"name":"(anonymous_11)","decl":{"start":{"line":129,"column":2},"end":{"line":129,"column":23}},"loc":{"start":{"line":129,"column":23},"end":{"line":131,"column":null}},"line":129},"12":{"name":"(anonymous_12)","decl":{"start":{"line":142,"column":28},"end":{"line":142,"column":57}},"loc":{"start":{"line":142,"column":57},"end":{"line":147,"column":null}},"line":142}},"branchMap":{"0":{"loc":{"start":{"line":18,"column":19},"end":{"line":18,"column":null}},"type":"binary-expr","locations":[{"start":{"line":18,"column":19},"end":{"line":18,"column":30}},{"start":{"line":18,"column":30},"end":{"line":18,"column":67}},{"start":{"line":18,"column":67},"end":{"line":18,"column":null}}],"line":18},"1":{"loc":{"start":{"line":39,"column":8},"end":{"line":41,"column":null}},"type":"if","locations":[{"start":{"line":39,"column":8},"end":{"line":41,"column":null}},{"start":{},"end":{}}],"line":39},"2":{"loc":{"start":{"line":53,"column":8},"end":{"line":55,"column":null}},"type":"if","locations":[{"start":{"line":53,"column":8},"end":{"line":55,"column":null}},{"start":{},"end":{}}],"line":53},"3":{"loc":{"start":{"line":60,"column":8},"end":{"line":66,"column":null}},"type":"if","locations":[{"start":{"line":60,"column":8},"end":{"line":66,"column":null}},{"start":{},"end":{}}],"line":60},"4":{"loc":{"start":{"line":62,"column":10},"end":{"line":65,"column":null}},"type":"if","locations":[{"start":{"line":62,"column":10},"end":{"line":65,"column":null}},{"start":{},"end":{}}],"line":62},"5":{"loc":{"start":{"line":143,"column":2},"end":{"line":145,"column":null}},"type":"if","locations":[{"start":{"line":143,"column":2},"end":{"line":145,"column":null}},{"start":{},"end":{}}],"line":143}},"s":{"0":19,"1":19,"2":19,"3":19,"4":0,"5":0,"6":0,"7":0,"8":19,"9":0,"10":0,"11":0,"12":0,"13":0,"14":0,"15":0,"16":0,"17":0,"18":9,"19":4,"20":1,"21":1,"22":1,"23":1,"24":1,"25":1,"26":2,"27":0,"28":2,"29":2,"30":2,"31":2,"32":2,"33":2},"f":{"0":19,"1":19,"2":0,"3":0,"4":0,"5":0,"6":9,"7":1,"8":1,"9":1,"10":2,"11":0,"12":2},"b":{"0":[19,19,4],"1":[0,0],"2":[0,0],"3":[0,0],"4":[0,0],"5":[2,0]},"meta":{"lastBranch":6,"lastFunction":13,"lastStatement":34,"seen":{"f:17:2:17:14":0,"s:18:4:18:Infinity":0,"b:18:19:18:30:18:30:18:67:18:67:18:Infinity":0,"s:20:4:26:Infinity":1,"s:28:4:28:Infinity":2,"f:34:10:34:36":1,"s:36:4:47:Infinity":3,"f:37:6:37:7":2,"b:39:8:41:Infinity:undefined:undefined:undefined:undefined":1,"s:39:8:41:Infinity":4,"s:40:10:40:Infinity":5,"s:42:8:42:Infinity":6,"f:44:6:44:7":3,"s:45:8:45:Infinity":7,"s:50:4:69:Infinity":8,"f:51:6:51:7":4,"b:53:8:55:Infinity:undefined:undefined:undefined:undefined":2,"s:53:8:55:Infinity":9,"s:54:10:54:Infinity":10,"s:56:8:56:Infinity":11,"f:58:6:58:7":5,"b:60:8:66:Infinity:undefined:undefined:undefined:undefined":3,"s:60:8:66:Infinity":12,"s:61:10:61:Infinity":13,"b:62:10:65:Infinity:undefined:undefined:undefined:undefined":4,"s:62:10:65:Infinity":14,"s:63:12:63:Infinity":15,"s:64:12:64:Infinity":16,"s:67:8:67:Infinity":17,"f:78:8:78:21":6,"s:79:21:79:Infinity":18,"s:80:4:80:Infinity":19,"f:90:8:90:22":7,"s:91:21:91:Infinity":20,"s:92:4:92:Infinity":21,"f:102:8:102:21":8,"s:103:21:103:Infinity":22,"s:104:4:104:Infinity":23,"f:113:8:113:24":9,"s:114:21:114:Infinity":24,"s:115:4:115:Infinity":25,"f:122:8:122:70":10,"s:123:4:123:Infinity":26,"f:129:2:129:23":11,"s:130:4:130:Infinity":27,"s:140:50:140:Infinity":28,"s:142:28:147:Infinity":29,"f:142:28:142:57":12,"b:143:2:145:Infinity:undefined:undefined:undefined:undefined":5,"s:143:2:145:Infinity":30,"s:144:4:144:Infinity":31,"s:146:2:146:Infinity":32,"s:149:25:149:Infinity":33}}}
,"/home/runner/work/biatec-tokens/biatec-tokens/src/services/TokenDeploymentService.ts": {"path":"/home/runner/work/biatec-tokens/biatec-tokens/src/services/TokenDeploymentService.ts","statementMap":{"0":{"start":{"line":16,"column":4},"end":{"line":16,"column":null}},"1":{"start":{"line":27,"column":10},"end":{"line":27,"column":null}},"2":{"start":{"line":28,"column":4},"end":{"line":30,"column":null}},"3":{"start":{"line":29,"column":6},"end":{"line":29,"column":null}},"4":{"start":{"line":33,"column":4},"end":{"line":35,"column":null}},"5":{"start":{"line":34,"column":6},"end":{"line":34,"column":null}},"6":{"start":{"line":37,"column":4},"end":{"line":47,"column":null}},"7":{"start":{"line":38,"column":23},"end":{"line":41,"column":null}},"8":{"start":{"line":43,"column":6},"end":{"line":43,"column":null}},"9":{"start":{"line":45,"column":6},"end":{"line":45,"column":null}},"10":{"start":{"line":46,"column":6},"end":{"line":46,"column":null}},"11":{"start":{"line":56,"column":4},"end":{"line":64,"column":null}},"12":{"start":{"line":57,"column":23},"end":{"line":59,"column":null}},"13":{"start":{"line":60,"column":6},"end":{"line":60,"column":null}},"14":{"start":{"line":62,"column":6},"end":{"line":62,"column":null}},"15":{"start":{"line":63,"column":6},"end":{"line":63,"column":null}},"16":{"start":{"line":73,"column":4},"end":{"line":81,"column":null}},"17":{"start":{"line":74,"column":23},"end":{"line":76,"column":null}},"18":{"start":{"line":77,"column":6},"end":{"line":77,"column":null}},"19":{"start":{"line":79,"column":6},"end":{"line":79,"column":null}},"20":{"start":{"line":80,"column":6},"end":{"line":80,"column":null}},"21":{"start":{"line":90,"column":4},"end":{"line":96,"column":null}},"22":{"start":{"line":91,"column":23},"end":{"line":91,"column":null}},"23":{"start":{"line":92,"column":6},"end":{"line":92,"column":null}},"24":{"start":{"line":94,"column":6},"end":{"line":94,"column":null}},"25":{"start":{"line":95,"column":6},"end":{"line":95,"column":null}},"26":{"start":{"line":108,"column":4},"end":{"line":115,"column":null}},"27":{"start":{"line":109,"column":12},"end":{"line":109,"column":null}},"28":{"start":{"line":110,"column":6},"end":{"line":114,"column":null}},"29":{"start":{"line":111,"column":8},"end":{"line":113,"column":null}},"30":{"start":{"line":117,"column":4},"end":{"line":128,"column":null}},"31":{"start":{"line":119,"column":49},"end":{"line":119,"column":null}},"32":{"start":{"line":120,"column":6},"end":{"line":123,"column":null}},"33":{"start":{"line":121,"column":25},"end":{"line":121,"column":null}},"34":{"start":{"line":122,"column":8},"end":{"line":122,"column":null}},"35":{"start":{"line":124,"column":6},"end":{"line":124,"column":null}},"36":{"start":{"line":126,"column":6},"end":{"line":126,"column":null}},"37":{"start":{"line":127,"column":6},"end":{"line":127,"column":null}},"38":{"start":{"line":137,"column":4},"end":{"line":145,"column":null}},"39":{"start":{"line":138,"column":23},"end":{"line":140,"column":null}},"40":{"start":{"line":141,"column":6},"end":{"line":141,"column":null}},"41":{"start":{"line":143,"column":6},"end":{"line":143,"column":null}},"42":{"start":{"line":144,"column":6},"end":{"line":144,"column":null}},"43":{"start":{"line":158,"column":4},"end":{"line":167,"column":null}},"44":{"start":{"line":159,"column":23},"end":{"line":162,"column":null}},"45":{"start":{"line":163,"column":6},"end":{"line":163,"column":null}},"46":{"start":{"line":165,"column":6},"end":{"line":165,"column":null}},"47":{"start":{"line":166,"column":6},"end":{"line":166,"column":null}},"48":{"start":{"line":174,"column":38},"end":{"line":174,"column":null}}},"fnMap":{"0":{"name":"(anonymous_0)","decl":{"start":{"line":15,"column":2},"end":{"line":15,"column":14}},"loc":{"start":{"line":15,"column":49},"end":{"line":17,"column":null}},"line":15},"1":{"name":"(anonymous_1)","decl":{"start":{"line":25,"column":8},"end":{"line":25,"column":20}},"loc":{"start":{"line":25,"column":87},"end":{"line":48,"column":null}},"line":25},"2":{"name":"(anonymous_2)","decl":{"start":{"line":55,"column":8},"end":{"line":55,"column":30}},"loc":{"start":{"line":55,"column":67},"end":{"line":65,"column":null}},"line":55},"3":{"name":"(anonymous_3)","decl":{"start":{"line":72,"column":8},"end":{"line":72,"column":27}},"loc":{"start":{"line":72,"column":84},"end":{"line":82,"column":null}},"line":72},"4":{"name":"(anonymous_4)","decl":{"start":{"line":89,"column":8},"end":{"line":89,"column":24}},"loc":{"start":{"line":89,"column":61},"end":{"line":97,"column":null}},"line":89},"5":{"name":"(anonymous_5)","decl":{"start":{"line":104,"column":8},"end":{"line":104,"column":null}},"loc":{"start":{"line":106,"column":40},"end":{"line":129,"column":null}},"line":106},"6":{"name":"(anonymous_6)","decl":{"start":{"line":136,"column":8},"end":{"line":136,"column":25}},"loc":{"start":{"line":136,"column":79},"end":{"line":146,"column":null}},"line":136},"7":{"name":"(anonymous_7)","decl":{"start":{"line":154,"column":8},"end":{"line":154,"column":null}},"loc":{"start":{"line":157,"column":35},"end":{"line":168,"column":null}},"line":157}},"branchMap":{"0":{"loc":{"start":{"line":16,"column":21},"end":{"line":16,"column":null}},"type":"binary-expr","locations":[{"start":{"line":16,"column":21},"end":{"line":16,"column":34}},{"start":{"line":16,"column":34},"end":{"line":16,"column":null}}],"line":16},"1":{"loc":{"start":{"line":28,"column":4},"end":{"line":30,"column":null}},"type":"if","locations":[{"start":{"line":28,"column":4},"end":{"line":30,"column":null}},{"start":{},"end":{}}],"line":28},"2":{"loc":{"start":{"line":33,"column":4},"end":{"line":35,"column":null}},"type":"if","locations":[{"start":{"line":33,"column":4},"end":{"line":35,"column":null}},{"start":{},"end":{}}],"line":33},"3":{"loc":{"start":{"line":33,"column":8},"end":{"line":33,"column":63}},"type":"binary-expr","locations":[{"start":{"line":33,"column":8},"end":{"line":33,"column":31}},{"start":{"line":33,"column":31},"end":{"line":33,"column":63}}],"line":33},"4":{"loc":{"start":{"line":110,"column":6},"end":{"line":114,"column":null}},"type":"if","locations":[{"start":{"line":110,"column":6},"end":{"line":114,"column":null}},{"start":{},"end":{}}],"line":110}},"s":{"0":16,"1":12,"2":12,"3":2,"4":10,"5":4,"6":10,"7":10,"8":8,"9":2,"10":2,"11":2,"12":2,"13":2,"14":0,"15":0,"16":2,"17":2,"18":2,"19":0,"20":0,"21":0,"22":0,"23":0,"24":0,"25":0,"26":1,"27":2,"28":2,"29":0,"30":1,"31":1,"32":1,"33":2,"34":2,"35":1,"36":0,"37":0,"38":0,"39":0,"40":0,"41":0,"42":0,"43":0,"44":0,"45":0,"46":0,"47":0,"48":1},"f":{"0":16,"1":12,"2":2,"3":2,"4":0,"5":1,"6":0,"7":0},"b":{"0":[16,1],"1":[2,10],"2":[4,6],"3":[10,4],"4":[0,2]},"meta":{"lastBranch":5,"lastFunction":8,"lastStatement":49,"seen":{"f:15:2:15:14":0,"s:16:4:16:Infinity":0,"b:16:21:16:34:16:34:16:Infinity":0,"f:25:8:25:20":1,"s:27:10:27:Infinity":1,"b:28:4:30:Infinity:undefined:undefined:undefined:undefined":1,"s:28:4:30:Infinity":2,"s:29:6:29:Infinity":3,"b:33:4:35:Infinity:undefined:undefined:undefined:undefined":2,"s:33:4:35:Infinity":4,"b:33:8:33:31:33:31:33:63":3,"s:34:6:34:Infinity":5,"s:37:4:47:Infinity":6,"s:38:23:41:Infinity":7,"s:43:6:43:Infinity":8,"s:45:6:45:Infinity":9,"s:46:6:46:Infinity":10,"f:55:8:55:30":2,"s:56:4:64:Infinity":11,"s:57:23:59:Infinity":12,"s:60:6:60:Infinity":13,"s:62:6:62:Infinity":14,"s:63:6:63:Infinity":15,"f:72:8:72:27":3,"s:73:4:81:Infinity":16,"s:74:23:76:Infinity":17,"s:77:6:77:Infinity":18,"s:79:6:79:Infinity":19,"s:80:6:80:Infinity":20,"f:89:8:89:24":4,"s:90:4:96:Infinity":21,"s:91:23:91:Infinity":22,"s:92:6:92:Infinity":23,"s:94:6:94:Infinity":24,"s:95:6:95:Infinity":25,"f:104:8:104:Infinity":5,"s:108:4:115:Infinity":26,"s:109:12:109:Infinity":27,"b:110:6:114:Infinity:undefined:undefined:undefined:undefined":4,"s:110:6:114:Infinity":28,"s:111:8:113:Infinity":29,"s:117:4:128:Infinity":30,"s:119:49:119:Infinity":31,"s:120:6:123:Infinity":32,"s:121:25:121:Infinity":33,"s:122:8:122:Infinity":34,"s:124:6:124:Infinity":35,"s:126:6:126:Infinity":36,"s:127:6:127:Infinity":37,"f:136:8:136:25":6,"s:137:4:145:Infinity":38,"s:138:23:140:Infinity":39,"s:141:6:141:Infinity":40,"s:143:6:143:Infinity":41,"s:144:6:144:Infinity":42,"f:154:8:154:Infinity":7,"s:158:4:167:Infinity":43,"s:159:23:162:Infinity":44,"s:163:6:163:Infinity":45,"s:165:6:165:Infinity":46,"s:166:6:166:Infinity":47,"s:174:38:174:Infinity":48}}}
,"/home/runner/work/biatec-tokens/biatec-tokens/src/stores/auth.ts": {"path":"/home/runner/work/biatec-tokens/biatec-tokens/src/stores/auth.ts","statementMap":{"0":{"start":{"line":11,"column":13},"end":{"line":82,"column":null}},"1":{"start":{"line":12,"column":8},"end":{"line":12,"column":null}},"2":{"start":{"line":13,"column":8},"end":{"line":13,"column":null}},"3":{"start":{"line":14,"column":8},"end":{"line":14,"column":null}},"4":{"start":{"line":16,"column":8},"end":{"line":16,"column":null}},"5":{"start":{"line":16,"column":41},"end":{"line":16,"column":74}},"6":{"start":{"line":18,"column":21},"end":{"line":32,"column":null}},"7":{"start":{"line":19,"column":4},"end":{"line":19,"column":null}},"8":{"start":{"line":20,"column":4},"end":{"line":31,"column":null}},"9":{"start":{"line":22,"column":24},"end":{"line":22,"column":null}},"10":{"start":{"line":23,"column":6},"end":{"line":26,"column":null}},"11":{"start":{"line":24,"column":8},"end":{"line":24,"column":null}},"12":{"start":{"line":25,"column":8},"end":{"line":25,"column":null}},"13":{"start":{"line":28,"column":6},"end":{"line":28,"column":null}},"14":{"start":{"line":30,"column":6},"end":{"line":30,"column":null}},"15":{"start":{"line":34,"column":24},"end":{"line":57,"column":null}},"16":{"start":{"line":35,"column":4},"end":{"line":35,"column":null}},"17":{"start":{"line":36,"column":4},"end":{"line":56,"column":null}},"18":{"start":{"line":37,"column":36},"end":{"line":42,"column":null}},"19":{"start":{"line":44,"column":6},"end":{"line":44,"column":null}},"20":{"start":{"line":45,"column":6},"end":{"line":45,"column":null}},"21":{"start":{"line":48,"column":6},"end":{"line":48,"column":null}},"22":{"start":{"line":50,"column":6},"end":{"line":50,"column":null}},"23":{"start":{"line":52,"column":6},"end":{"line":52,"column":null}},"24":{"start":{"line":53,"column":6},"end":{"line":53,"column":null}},"25":{"start":{"line":55,"column":6},"end":{"line":55,"column":null}},"26":{"start":{"line":59,"column":18},"end":{"line":63,"column":null}},"27":{"start":{"line":60,"column":4},"end":{"line":60,"column":null}},"28":{"start":{"line":61,"column":4},"end":{"line":61,"column":null}},"29":{"start":{"line":62,"column":4},"end":{"line":62,"column":null}},"30":{"start":{"line":65,"column":21},"end":{"line":70,"column":null}},"31":{"start":{"line":66,"column":4},"end":{"line":69,"column":null}},"32":{"start":{"line":67,"column":6},"end":{"line":67,"column":null}},"33":{"start":{"line":68,"column":6},"end":{"line":68,"column":null}},"34":{"start":{"line":72,"column":2},"end":{"line":81,"column":null}}},"fnMap":{"0":{"name":"(anonymous_0)","decl":{"start":{"line":11,"column":48},"end":{"line":11,"column":54}},"loc":{"start":{"line":11,"column":54},"end":{"line":82,"column":1}},"line":11},"1":{"name":"(anonymous_1)","decl":{"start":{"line":16,"column":35},"end":{"line":16,"column":41}},"loc":{"start":{"line":16,"column":41},"end":{"line":16,"column":74}},"line":16},"2":{"name":"(anonymous_2)","decl":{"start":{"line":18,"column":21},"end":{"line":18,"column":33}},"loc":{"start":{"line":18,"column":33},"end":{"line":32,"column":null}},"line":18},"3":{"name":"(anonymous_3)","decl":{"start":{"line":34,"column":24},"end":{"line":34,"column":31}},"loc":{"start":{"line":34,"column":91},"end":{"line":57,"column":null}},"line":34},"4":{"name":"(anonymous_4)","decl":{"start":{"line":59,"column":18},"end":{"line":59,"column":30}},"loc":{"start":{"line":59,"column":30},"end":{"line":63,"column":null}},"line":59},"5":{"name":"(anonymous_5)","decl":{"start":{"line":65,"column":21},"end":{"line":65,"column":22}},"loc":{"start":{"line":65,"column":57},"end":{"line":70,"column":null}},"line":65}},"branchMap":{"0":{"loc":{"start":{"line":16,"column":41},"end":{"line":16,"column":74}},"type":"binary-expr","locations":[{"start":{"line":16,"column":41},"end":{"line":16,"column":57}},{"start":{"line":16,"column":57},"end":{"line":16,"column":74}}],"line":16},"1":{"loc":{"start":{"line":23,"column":6},"end":{"line":26,"column":null}},"type":"if","locations":[{"start":{"line":23,"column":6},"end":{"line":26,"column":null}},{"start":{},"end":{}}],"line":23},"2":{"loc":{"start":{"line":39,"column":14},"end":{"line":39,"column":null}},"type":"binary-expr","locations":[{"start":{"line":39,"column":14},"end":{"line":39,"column":32}},{"start":{"line":39,"column":32},"end":{"line":39,"column":null}}],"line":39},"3":{"loc":{"start":{"line":66,"column":4},"end":{"line":69,"column":null}},"type":"if","locations":[{"start":{"line":66,"column":4},"end":{"line":69,"column":null}},{"start":{},"end":{}}],"line":66}},"s":{"0":1,"1":6,"2":6,"3":6,"4":6,"5":5,"6":6,"7":1,"8":1,"9":1,"10":1,"11":1,"12":1,"13":0,"14":1,"15":6,"16":4,"17":4,"18":4,"19":4,"20":4,"21":4,"22":4,"23":0,"24":0,"25":4,"26":6,"27":1,"28":1,"29":1,"30":6,"31":1,"32":1,"33":1,"34":6},"f":{"0":6,"1":5,"2":1,"3":4,"4":1,"5":1},"b":{"0":[5,3],"1":[1,0],"2":[4,4],"3":[1,0]},"meta":{"lastBranch":4,"lastFunction":6,"lastStatement":35,"seen":{"s:11:13:82:Infinity":0,"f:11:48:11:54":0,"s:12:8:12:Infinity":1,"s:13:8:13:Infinity":2,"s:14:8:14:Infinity":3,"s:16:8:16:Infinity":4,"f:16:35:16:41":1,"s:16:41:16:74":5,"b:16:41:16:57:16:57:16:74":0,"s:18:21:32:Infinity":6,"f:18:21:18:33":2,"s:19:4:19:Infinity":7,"s:20:4:31:Infinity":8,"s:22:24:22:Infinity":9,"b:23:6:26:Infinity:undefined:undefined:undefined:undefined":1,"s:23:6:26:Infinity":10,"s:24:8:24:Infinity":11,"s:25:8:25:Infinity":12,"s:28:6:28:Infinity":13,"s:30:6:30:Infinity":14,"s:34:24:57:Infinity":15,"f:34:24:34:31":3,"s:35:4:35:Infinity":16,"s:36:4:56:Infinity":17,"s:37:36:42:Infinity":18,"b:39:14:39:32:39:32:39:Infinity":2,"s:44:6:44:Infinity":19,"s:45:6:45:Infinity":20,"s:48:6:48:Infinity":21,"s:50:6:50:Infinity":22,"s:52:6:52:Infinity":23,"s:53:6:53:Infinity":24,"s:55:6:55:Infinity":25,"s:59:18:63:Infinity":26,"f:59:18:59:30":4,"s:60:4:60:Infinity":27,"s:61:4:61:Infinity":28,"s:62:4:62:Infinity":29,"s:65:21:70:Infinity":30,"f:65:21:65:22":5,"b:66:4:69:Infinity:undefined:undefined:undefined:undefined":3,"s:66:4:69:Infinity":31,"s:67:6:67:Infinity":32,"s:68:6:68:Infinity":33,"s:72:2:81:Infinity":34}}}
,"/home/runner/work/biatec-tokens/biatec-tokens/src/stores/theme.ts": {"path":"/home/runner/work/biatec-tokens/biatec-tokens/src/stores/theme.ts","statementMap":{"0":{"start":{"line":4,"column":13},"end":{"line":46,"column":null}},"1":{"start":{"line":5,"column":8},"end":{"line":5,"column":null}},"2":{"start":{"line":6,"column":17},"end":{"line":6,"column":null}},"3":{"start":{"line":8,"column":20},"end":{"line":19,"column":null}},"4":{"start":{"line":9,"column":19},"end":{"line":9,"column":null}},"5":{"start":{"line":10,"column":4},"end":{"line":14,"column":null}},"6":{"start":{"line":11,"column":6},"end":{"line":11,"column":null}},"7":{"start":{"line":13,"column":6},"end":{"line":13,"column":null}},"8":{"start":{"line":15,"column":4},"end":{"line":15,"column":null}},"9":{"start":{"line":16,"column":4},"end":{"line":18,"column":null}},"10":{"start":{"line":17,"column":6},"end":{"line":17,"column":null}},"11":{"start":{"line":21,"column":22},"end":{"line":30,"column":null}},"12":{"start":{"line":22,"column":4},"end":{"line":28,"column":null}},"13":{"start":{"line":23,"column":6},"end":{"line":23,"column":null}},"14":{"start":{"line":24,"column":6},"end":{"line":24,"column":null}},"15":{"start":{"line":26,"column":6},"end":{"line":26,"column":null}},"16":{"start":{"line":27,"column":6},"end":{"line":27,"column":null}},"17":{"start":{"line":29,"column":4},"end":{"line":29,"column":null}},"18":{"start":{"line":32,"column":22},"end":{"line":36,"column":null}},"19":{"start":{"line":33,"column":4},"end":{"line":33,"column":null}},"20":{"start":{"line":34,"column":4},"end":{"line":34,"column":null}},"21":{"start":{"line":35,"column":4},"end":{"line":35,"column":null}},"22":{"start":{"line":39,"column":2},"end":{"line":39,"column":null}},"23":{"start":{"line":41,"column":2},"end":{"line":45,"column":null}}},"fnMap":{"0":{"name":"(anonymous_0)","decl":{"start":{"line":4,"column":50},"end":{"line":4,"column":56}},"loc":{"start":{"line":4,"column":56},"end":{"line":46,"column":1}},"line":4},"1":{"name":"(anonymous_1)","decl":{"start":{"line":6,"column":17},"end":{"line":6,"column":18}},"loc":{"start":{"line":6,"column":40},"end":{"line":6,"column":null}},"line":6},"2":{"name":"(anonymous_2)","decl":{"start":{"line":8,"column":20},"end":{"line":8,"column":21}},"loc":{"start":{"line":8,"column":42},"end":{"line":19,"column":null}},"line":8},"3":{"name":"(anonymous_3)","decl":{"start":{"line":21,"column":22},"end":{"line":21,"column":28}},"loc":{"start":{"line":21,"column":28},"end":{"line":30,"column":null}},"line":21},"4":{"name":"(anonymous_4)","decl":{"start":{"line":32,"column":22},"end":{"line":32,"column":28}},"loc":{"start":{"line":32,"column":28},"end":{"line":36,"column":null}},"line":32}},"branchMap":{"0":{"loc":{"start":{"line":10,"column":4},"end":{"line":14,"column":null}},"type":"if","locations":[{"start":{"line":10,"column":4},"end":{"line":14,"column":null}},{"start":{"line":12,"column":11},"end":{"line":14,"column":null}}],"line":10},"1":{"loc":{"start":{"line":16,"column":4},"end":{"line":18,"column":null}},"type":"if","locations":[{"start":{"line":16,"column":4},"end":{"line":18,"column":null}},{"start":{},"end":{}}],"line":16},"2":{"loc":{"start":{"line":22,"column":4},"end":{"line":28,"column":null}},"type":"if","locations":[{"start":{"line":22,"column":4},"end":{"line":28,"column":null}},{"start":{"line":25,"column":11},"end":{"line":28,"column":null}}],"line":22},"3":{"loc":{"start":{"line":34,"column":34},"end":{"line":34,"column":65}},"type":"cond-expr","locations":[{"start":{"line":34,"column":49},"end":{"line":34,"column":58}},{"start":{"line":34,"column":58},"end":{"line":34,"column":65}}],"line":34}},"s":{"0":1,"1":6,"2":6,"3":6,"4":1,"5":1,"6":1,"7":0,"8":1,"9":1,"10":0,"11":6,"12":10,"13":2,"14":2,"15":8,"16":8,"17":10,"18":6,"19":6,"20":6,"21":6,"22":6,"23":6},"f":{"0":6,"1":10,"2":1,"3":10,"4":6},"b":{"0":[1,0],"1":[0,1],"2":[2,8],"3":[2,4]},"meta":{"lastBranch":4,"lastFunction":5,"lastStatement":24,"seen":{"s:4:13:46:Infinity":0,"f:4:50:4:56":0,"s:5:8:5:Infinity":1,"s:6:17:6:Infinity":2,"f:6:17:6:18":1,"s:8:20:19:Infinity":3,"f:8:20:8:21":2,"s:9:19:9:Infinity":4,"b:10:4:14:Infinity:12:11:14:Infinity":0,"s:10:4:14:Infinity":5,"s:11:6:11:Infinity":6,"s:13:6:13:Infinity":7,"s:15:4:15:Infinity":8,"b:16:4:18:Infinity:undefined:undefined:undefined:undefined":1,"s:16:4:18:Infinity":9,"s:17:6:17:Infinity":10,"s:21:22:30:Infinity":11,"f:21:22:21:28":3,"b:22:4:28:Infinity:25:11:28:Infinity":2,"s:22:4:28:Infinity":12,"s:23:6:23:Infinity":13,"s:24:6:24:Infinity":14,"s:26:6:26:Infinity":15,"s:27:6:27:Infinity":16,"s:29:4:29:Infinity":17,"s:32:22:36:Infinity":18,"f:32:22:32:28":4,"s:33:4:33:Infinity":19,"s:34:4:34:Infinity":20,"b:34:49:34:58:34:58:34:65":3,"s:35:4:35:Infinity":21,"s:39:2:39:Infinity":22,"s:41:2:45:Infinity":23}}}
,"/home/runner/work/biatec-tokens/biatec-tokens/src/stores/tokens.ts": {"path":"/home/runner/work/biatec-tokens/biatec-tokens/src/stores/tokens.ts","statementMap":{"0":{"start":{"line":23,"column":13},"end":{"line":198,"column":null}},"1":{"start":{"line":24,"column":8},"end":{"line":24,"column":null}},"2":{"start":{"line":25,"column":8},"end":{"line":25,"column":null}},"3":{"start":{"line":27,"column":8},"end":{"line":39,"column":null}},"4":{"start":{"line":28,"column":20},"end":{"line":37,"column":null}},"5":{"start":{"line":30,"column":8},"end":{"line":32,"column":null}},"6":{"start":{"line":31,"column":10},"end":{"line":31,"column":null}},"7":{"start":{"line":33,"column":8},"end":{"line":33,"column":null}},"8":{"start":{"line":34,"column":8},"end":{"line":34,"column":null}},"9":{"start":{"line":38,"column":4},"end":{"line":38,"column":null}},"10":{"start":{"line":41,"column":8},"end":{"line":41,"column":null}},"11":{"start":{"line":41,"column":37},"end":{"line":41,"column":56}},"12":{"start":{"line":42,"column":8},"end":{"line":42,"column":null}},"13":{"start":{"line":42,"column":40},"end":{"line":42,"column":98}},"14":{"start":{"line":42,"column":67},"end":{"line":42,"column":90}},"15":{"start":{"line":43,"column":8},"end":{"line":43,"column":null}},"16":{"start":{"line":43,"column":38},"end":{"line":43,"column":94}},"17":{"start":{"line":43,"column":65},"end":{"line":43,"column":86}},"18":{"start":{"line":45,"column":22},"end":{"line":81,"column":null}},"19":{"start":{"line":46,"column":4},"end":{"line":46,"column":null}},"20":{"start":{"line":48,"column":4},"end":{"line":80,"column":null}},"21":{"start":{"line":49,"column":30},"end":{"line":54,"column":null}},"22":{"start":{"line":56,"column":6},"end":{"line":56,"column":null}},"23":{"start":{"line":59,"column":6},"end":{"line":59,"column":null}},"24":{"start":{"line":59,"column":37},"end":{"line":59,"column":62}},"25":{"start":{"line":62,"column":25},"end":{"line":62,"column":null}},"26":{"start":{"line":62,"column":55},"end":{"line":62,"column":75}},"27":{"start":{"line":63,"column":6},"end":{"line":72,"column":null}},"28":{"start":{"line":64,"column":8},"end":{"line":64,"column":null}},"29":{"start":{"line":65,"column":8},"end":{"line":65,"column":null}},"30":{"start":{"line":67,"column":8},"end":{"line":71,"column":null}},"31":{"start":{"line":68,"column":10},"end":{"line":68,"column":null}},"32":{"start":{"line":70,"column":10},"end":{"line":70,"column":null}},"33":{"start":{"line":74,"column":6},"end":{"line":74,"column":null}},"34":{"start":{"line":76,"column":6},"end":{"line":76,"column":null}},"35":{"start":{"line":77,"column":6},"end":{"line":77,"column":null}},"36":{"start":{"line":79,"column":6},"end":{"line":79,"column":null}},"37":{"start":{"line":83,"column":22},"end":{"line":88,"column":null}},"38":{"start":{"line":84,"column":18},"end":{"line":84,"column":null}},"39":{"start":{"line":84,"column":48},"end":{"line":84,"column":64}},"40":{"start":{"line":85,"column":4},"end":{"line":87,"column":null}},"41":{"start":{"line":86,"column":6},"end":{"line":86,"column":null}},"42":{"start":{"line":90,"column":28},"end":{"line":95,"column":null}},"43":{"start":{"line":91,"column":18},"end":{"line":91,"column":null}},"44":{"start":{"line":91,"column":43},"end":{"line":91,"column":59}},"45":{"start":{"line":92,"column":4},"end":{"line":94,"column":null}},"46":{"start":{"line":93,"column":6},"end":{"line":93,"column":null}},"47":{"start":{"line":96,"column":25},"end":{"line":185,"column":null}},"48":{"start":{"line":186,"column":2},"end":{"line":197,"column":null}}},"fnMap":{"0":{"name":"(anonymous_0)","decl":{"start":{"line":23,"column":51},"end":{"line":23,"column":57}},"loc":{"start":{"line":23,"column":57},"end":{"line":198,"column":1}},"line":23},"1":{"name":"(anonymous_1)","decl":{"start":{"line":27,"column":36},"end":{"line":27,"column":42}},"loc":{"start":{"line":27,"column":42},"end":{"line":39,"column":3}},"line":27},"2":{"name":"(anonymous_2)","decl":{"start":{"line":29,"column":6},"end":{"line":29,"column":7}},"loc":{"start":{"line":29,"column":22},"end":{"line":35,"column":null}},"line":29},"3":{"name":"(anonymous_3)","decl":{"start":{"line":41,"column":31},"end":{"line":41,"column":37}},"loc":{"start":{"line":41,"column":37},"end":{"line":41,"column":56}},"line":41},"4":{"name":"(anonymous_4)","decl":{"start":{"line":42,"column":34},"end":{"line":42,"column":40}},"loc":{"start":{"line":42,"column":40},"end":{"line":42,"column":98}},"line":42},"5":{"name":"(anonymous_5)","decl":{"start":{"line":42,"column":60},"end":{"line":42,"column":61}},"loc":{"start":{"line":42,"column":67},"end":{"line":42,"column":90}},"line":42},"6":{"name":"(anonymous_6)","decl":{"start":{"line":43,"column":32},"end":{"line":43,"column":38}},"loc":{"start":{"line":43,"column":38},"end":{"line":43,"column":94}},"line":43},"7":{"name":"(anonymous_7)","decl":{"start":{"line":43,"column":58},"end":{"line":43,"column":59}},"loc":{"start":{"line":43,"column":65},"end":{"line":43,"column":86}},"line":43},"8":{"name":"(anonymous_8)","decl":{"start":{"line":45,"column":22},"end":{"line":45,"column":29}},"loc":{"start":{"line":45,"column":87},"end":{"line":81,"column":null}},"line":45},"9":{"name":"(anonymous_9)","decl":{"start":{"line":59,"column":24},"end":{"line":59,"column":25}},"loc":{"start":{"line":59,"column":37},"end":{"line":59,"column":62}},"line":59},"10":{"name":"(anonymous_10)","decl":{"start":{"line":62,"column":48},"end":{"line":62,"column":49}},"loc":{"start":{"line":62,"column":55},"end":{"line":62,"column":75}},"line":62},"11":{"name":"(anonymous_11)","decl":{"start":{"line":83,"column":22},"end":{"line":83,"column":23}},"loc":{"start":{"line":83,"column":43},"end":{"line":88,"column":null}},"line":83},"12":{"name":"(anonymous_12)","decl":{"start":{"line":84,"column":41},"end":{"line":84,"column":42}},"loc":{"start":{"line":84,"column":48},"end":{"line":84,"column":64}},"line":84},"13":{"name":"(anonymous_13)","decl":{"start":{"line":90,"column":28},"end":{"line":90,"column":29}},"loc":{"start":{"line":90,"column":74},"end":{"line":95,"column":null}},"line":90},"14":{"name":"(anonymous_14)","decl":{"start":{"line":91,"column":36},"end":{"line":91,"column":37}},"loc":{"start":{"line":91,"column":43},"end":{"line":91,"column":59}},"line":91}},"branchMap":{"0":{"loc":{"start":{"line":30,"column":8},"end":{"line":32,"column":null}},"type":"if","locations":[{"start":{"line":30,"column":8},"end":{"line":32,"column":null}},{"start":{},"end":{}}],"line":30},"1":{"loc":{"start":{"line":63,"column":6},"end":{"line":72,"column":null}},"type":"if","locations":[{"start":{"line":63,"column":6},"end":{"line":72,"column":null}},{"start":{},"end":{}}],"line":63},"2":{"loc":{"start":{"line":67,"column":8},"end":{"line":71,"column":null}},"type":"if","locations":[{"start":{"line":67,"column":8},"end":{"line":71,"column":null}},{"start":{"line":69,"column":15},"end":{"line":71,"column":null}}],"line":67},"3":{"loc":{"start":{"line":85,"column":4},"end":{"line":87,"column":null}},"type":"if","locations":[{"start":{"line":85,"column":4},"end":{"line":87,"column":null}},{"start":{},"end":{}}],"line":85},"4":{"loc":{"start":{"line":92,"column":4},"end":{"line":94,"column":null}},"type":"if","locations":[{"start":{"line":92,"column":4},"end":{"line":94,"column":null}},{"start":{},"end":{}}],"line":92}},"s":{"0":1,"1":7,"2":7,"3":7,"4":1,"5":2,"6":2,"7":2,"8":2,"9":1,"10":7,"11":5,"12":7,"13":3,"14":3,"15":7,"16":2,"17":1,"18":7,"19":7,"20":7,"21":7,"22":7,"23":7,"24":7,"25":7,"26":9,"27":7,"28":7,"29":7,"30":7,"31":2,"32":5,"33":7,"34":0,"35":0,"36":7,"37":7,"38":1,"39":1,"40":1,"41":1,"42":7,"43":1,"44":1,"45":1,"46":1,"47":7,"48":7},"f":{"0":7,"1":1,"2":2,"3":5,"4":3,"5":3,"6":2,"7":1,"8":7,"9":7,"10":9,"11":1,"12":1,"13":1,"14":1},"b":{"0":[2,0],"1":[7,0],"2":[2,5],"3":[1,0],"4":[1,0]},"meta":{"lastBranch":5,"lastFunction":15,"lastStatement":49,"seen":{"s:23:13:198:Infinity":0,"f:23:51:23:57":0,"s:24:8:24:Infinity":1,"s:25:8:25:Infinity":2,"s:27:8:39:Infinity":3,"f:27:36:27:42":1,"s:28:20:37:Infinity":4,"f:29:6:29:7":2,"b:30:8:32:Infinity:undefined:undefined:undefined:undefined":0,"s:30:8:32:Infinity":5,"s:31:10:31:Infinity":6,"s:33:8:33:Infinity":7,"s:34:8:34:Infinity":8,"s:38:4:38:Infinity":9,"s:41:8:41:Infinity":10,"f:41:31:41:37":3,"s:41:37:41:56":11,"s:42:8:42:Infinity":12,"f:42:34:42:40":4,"s:42:40:42:98":13,"f:42:60:42:61":5,"s:42:67:42:90":14,"s:43:8:43:Infinity":15,"f:43:32:43:38":6,"s:43:38:43:94":16,"f:43:58:43:59":7,"s:43:65:43:86":17,"s:45:22:81:Infinity":18,"f:45:22:45:29":8,"s:46:4:46:Infinity":19,"s:48:4:80:Infinity":20,"s:49:30:54:Infinity":21,"s:56:6:56:Infinity":22,"s:59:6:59:Infinity":23,"f:59:24:59:25":9,"s:59:37:59:62":24,"s:62:25:62:Infinity":25,"f:62:48:62:49":10,"s:62:55:62:75":26,"b:63:6:72:Infinity:undefined:undefined:undefined:undefined":1,"s:63:6:72:Infinity":27,"s:64:8:64:Infinity":28,"s:65:8:65:Infinity":29,"b:67:8:71:Infinity:69:15:71:Infinity":2,"s:67:8:71:Infinity":30,"s:68:10:68:Infinity":31,"s:70:10:70:Infinity":32,"s:74:6:74:Infinity":33,"s:76:6:76:Infinity":34,"s:77:6:77:Infinity":35,"s:79:6:79:Infinity":36,"s:83:22:88:Infinity":37,"f:83:22:83:23":11,"s:84:18:84:Infinity":38,"f:84:41:84:42":12,"s:84:48:84:64":39,"b:85:4:87:Infinity:undefined:undefined:undefined:undefined":3,"s:85:4:87:Infinity":40,"s:86:6:86:Infinity":41,"s:90:28:95:Infinity":42,"f:90:28:90:29":13,"s:91:18:91:Infinity":43,"f:91:36:91:37":14,"s:91:43:91:59":44,"b:92:4:94:Infinity:undefined:undefined:undefined:undefined":4,"s:92:4:94:Infinity":45,"s:93:6:93:Infinity":46,"s:96:25:185:Infinity":47,"s:186:2:197:Infinity":48}}}
,"/home/runner/work/biatec-tokens/biatec-tokens/src/types/api.ts": {"path":"/home/runner/work/biatec-tokens/biatec-tokens/src/types/api.ts","statementMap":{"0":{"start":{"line":10,"column":7},"end":{"line":10,"column":null}},"1":{"start":{"line":11,"column":2},"end":{"line":11,"column":null}},"2":{"start":{"line":12,"column":2},"end":{"line":12,"column":null}},"3":{"start":{"line":13,"column":2},"end":{"line":13,"column":null}},"4":{"start":{"line":14,"column":2},"end":{"line":14,"column":null}},"5":{"start":{"line":10,"column":12},"end":{"line":10,"column":null}},"6":{"start":{"line":160,"column":2},"end":{"line":160,"column":null}},"7":{"start":{"line":169,"column":2},"end":{"line":169,"column":null}},"8":{"start":{"line":178,"column":2},"end":{"line":178,"column":null}},"9":{"start":{"line":187,"column":2},"end":{"line":187,"column":null}},"10":{"start":{"line":198,"column":27},"end":{"line":198,"column":null}},"11":{"start":{"line":199,"column":29},"end":{"line":199,"column":null}},"12":{"start":{"line":202,"column":2},"end":{"line":204,"column":null}},"13":{"start":{"line":203,"column":4},"end":{"line":203,"column":null}},"14":{"start":{"line":206,"column":2},"end":{"line":208,"column":null}},"15":{"start":{"line":207,"column":4},"end":{"line":207,"column":null}},"16":{"start":{"line":211,"column":2},"end":{"line":282,"column":null}},"17":{"start":{"line":212,"column":4},"end":{"line":214,"column":null}},"18":{"start":{"line":213,"column":6},"end":{"line":213,"column":null}},"19":{"start":{"line":215,"column":4},"end":{"line":217,"column":null}},"20":{"start":{"line":216,"column":6},"end":{"line":216,"column":null}},"21":{"start":{"line":218,"column":4},"end":{"line":220,"column":null}},"22":{"start":{"line":219,"column":6},"end":{"line":219,"column":null}},"23":{"start":{"line":222,"column":4},"end":{"line":224,"column":null}},"24":{"start":{"line":223,"column":6},"end":{"line":223,"column":null}},"25":{"start":{"line":225,"column":2},"end":{"line":282,"column":null}},"26":{"start":{"line":226,"column":4},"end":{"line":228,"column":null}},"27":{"start":{"line":227,"column":6},"end":{"line":227,"column":null}},"28":{"start":{"line":229,"column":4},"end":{"line":231,"column":null}},"29":{"start":{"line":230,"column":6},"end":{"line":230,"column":null}},"30":{"start":{"line":232,"column":4},"end":{"line":234,"column":null}},"31":{"start":{"line":233,"column":6},"end":{"line":233,"column":null}},"32":{"start":{"line":236,"column":4},"end":{"line":242,"column":null}},"33":{"start":{"line":237,"column":6},"end":{"line":241,"column":null}},"34":{"start":{"line":238,"column":8},"end":{"line":238,"column":null}},"35":{"start":{"line":239,"column":6},"end":{"line":241,"column":null}},"36":{"start":{"line":240,"column":8},"end":{"line":240,"column":null}},"37":{"start":{"line":243,"column":2},"end":{"line":282,"column":null}},"38":{"start":{"line":244,"column":4},"end":{"line":246,"column":null}},"39":{"start":{"line":245,"column":6},"end":{"line":245,"column":null}},"40":{"start":{"line":247,"column":4},"end":{"line":249,"column":null}},"41":{"start":{"line":248,"column":6},"end":{"line":248,"column":null}},"42":{"start":{"line":250,"column":4},"end":{"line":252,"column":null}},"43":{"start":{"line":251,"column":6},"end":{"line":251,"column":null}},"44":{"start":{"line":254,"column":4},"end":{"line":260,"column":null}},"45":{"start":{"line":255,"column":6},"end":{"line":259,"column":null}},"46":{"start":{"line":256,"column":8},"end":{"line":256,"column":null}},"47":{"start":{"line":257,"column":6},"end":{"line":259,"column":null}},"48":{"start":{"line":258,"column":8},"end":{"line":258,"column":null}},"49":{"start":{"line":261,"column":2},"end":{"line":282,"column":null}},"50":{"start":{"line":262,"column":4},"end":{"line":264,"column":null}},"51":{"start":{"line":263,"column":6},"end":{"line":263,"column":null}},"52":{"start":{"line":265,"column":4},"end":{"line":267,"column":null}},"53":{"start":{"line":266,"column":6},"end":{"line":266,"column":null}},"54":{"start":{"line":268,"column":4},"end":{"line":270,"column":null}},"55":{"start":{"line":269,"column":6},"end":{"line":269,"column":null}},"56":{"start":{"line":271,"column":4},"end":{"line":273,"column":null}},"57":{"start":{"line":272,"column":6},"end":{"line":272,"column":null}},"58":{"start":{"line":275,"column":4},"end":{"line":281,"column":null}},"59":{"start":{"line":276,"column":6},"end":{"line":280,"column":null}},"60":{"start":{"line":277,"column":8},"end":{"line":277,"column":null}},"61":{"start":{"line":278,"column":6},"end":{"line":280,"column":null}},"62":{"start":{"line":279,"column":8},"end":{"line":279,"column":null}},"63":{"start":{"line":284,"column":2},"end":{"line":288,"column":null}}},"fnMap":{"0":{"name":"(anonymous_0)","decl":{"start":{"line":10,"column":7},"end":{"line":10,"column":12}},"loc":{"start":{"line":10,"column":7},"end":{"line":10,"column":null}},"line":10},"1":{"name":"isERC20Request","decl":{"start":{"line":157,"column":16},"end":{"line":157,"column":null}},"loc":{"start":{"line":159,"column":37},"end":{"line":161,"column":null}},"line":159},"2":{"name":"isARC3Request","decl":{"start":{"line":166,"column":16},"end":{"line":166,"column":null}},"loc":{"start":{"line":168,"column":36},"end":{"line":170,"column":null}},"line":168},"3":{"name":"isARC200Request","decl":{"start":{"line":175,"column":16},"end":{"line":175,"column":null}},"loc":{"start":{"line":177,"column":38},"end":{"line":179,"column":null}},"line":177},"4":{"name":"isARC1400Request","decl":{"start":{"line":184,"column":16},"end":{"line":184,"column":null}},"loc":{"start":{"line":186,"column":39},"end":{"line":188,"column":null}},"line":186},"5":{"name":"validateTokenDeploymentRequest","decl":{"start":{"line":195,"column":16},"end":{"line":195,"column":null}},"loc":{"start":{"line":197,"column":20},"end":{"line":289,"column":null}},"line":197}},"branchMap":{"0":{"loc":{"start":{"line":10,"column":12},"end":{"line":10,"column":null}},"type":"binary-expr","locations":[{"start":{"line":10,"column":12},"end":{"line":10,"column":null}},{"start":{"line":10,"column":12},"end":{"line":10,"column":null}}],"line":10},"1":{"loc":{"start":{"line":202,"column":2},"end":{"line":204,"column":null}},"type":"if","locations":[{"start":{"line":202,"column":2},"end":{"line":204,"column":null}},{"start":{},"end":{}}],"line":202},"2":{"loc":{"start":{"line":202,"column":6},"end":{"line":202,"column":57}},"type":"binary-expr","locations":[{"start":{"line":202,"column":6},"end":{"line":202,"column":23}},{"start":{"line":202,"column":23},"end":{"line":202,"column":57}}],"line":202},"3":{"loc":{"start":{"line":206,"column":2},"end":{"line":208,"column":null}},"type":"if","locations":[{"start":{"line":206,"column":2},"end":{"line":208,"column":null}},{"start":{},"end":{}}],"line":206},"4":{"loc":{"start":{"line":206,"column":6},"end":{"line":206,"column":75}},"type":"binary-expr","locations":[{"start":{"line":206,"column":6},"end":{"line":206,"column":32}},{"start":{"line":206,"column":32},"end":{"line":206,"column":75}}],"line":206},"5":{"loc":{"start":{"line":211,"column":2},"end":{"line":282,"column":null}},"type":"if","locations":[{"start":{"line":211,"column":2},"end":{"line":282,"column":null}},{"start":{"line":225,"column":2},"end":{"line":282,"column":null}}],"line":211},"6":{"loc":{"start":{"line":212,"column":4},"end":{"line":214,"column":null}},"type":"if","locations":[{"start":{"line":212,"column":4},"end":{"line":214,"column":null}},{"start":{},"end":{}}],"line":212},"7":{"loc":{"start":{"line":212,"column":8},"end":{"line":212,"column":63}},"type":"binary-expr","locations":[{"start":{"line":212,"column":8},"end":{"line":212,"column":27}},{"start":{"line":212,"column":27},"end":{"line":212,"column":63}}],"line":212},"8":{"loc":{"start":{"line":215,"column":4},"end":{"line":217,"column":null}},"type":"if","locations":[{"start":{"line":215,"column":4},"end":{"line":217,"column":null}},{"start":{},"end":{}}],"line":215},"9":{"loc":{"start":{"line":215,"column":8},"end":{"line":215,"column":55}},"type":"binary-expr","locations":[{"start":{"line":215,"column":8},"end":{"line":215,"column":32}},{"start":{"line":215,"column":32},"end":{"line":215,"column":55}}],"line":215},"10":{"loc":{"start":{"line":218,"column":4},"end":{"line":220,"column":null}},"type":"if","locations":[{"start":{"line":218,"column":4},"end":{"line":220,"column":null}},{"start":{},"end":{}}],"line":218},"11":{"loc":{"start":{"line":218,"column":8},"end":{"line":218,"column":61}},"type":"binary-expr","locations":[{"start":{"line":218,"column":8},"end":{"line":218,"column":32}},{"start":{"line":218,"column":32},"end":{"line":218,"column":61}}],"line":218},"12":{"loc":{"start":{"line":222,"column":4},"end":{"line":224,"column":null}},"type":"if","locations":[{"start":{"line":222,"column":4},"end":{"line":224,"column":null}},{"start":{},"end":{}}],"line":222},"13":{"loc":{"start":{"line":222,"column":8},"end":{"line":222,"column":86}},"type":"binary-expr","locations":[{"start":{"line":222,"column":8},"end":{"line":222,"column":33}},{"start":{"line":222,"column":33},"end":{"line":222,"column":86}}],"line":222},"14":{"loc":{"start":{"line":225,"column":2},"end":{"line":282,"column":null}},"type":"if","locations":[{"start":{"line":225,"column":2},"end":{"line":282,"column":null}},{"start":{"line":243,"column":2},"end":{"line":282,"column":null}}],"line":225},"15":{"loc":{"start":{"line":226,"column":4},"end":{"line":228,"column":null}},"type":"if","locations":[{"start":{"line":226,"column":4},"end":{"line":228,"column":null}},{"start":{},"end":{}}],"line":226},"16":{"loc":{"start":{"line":226,"column":8},"end":{"line":226,"column":67}},"type":"binary-expr","locations":[{"start":{"line":226,"column":8},"end":{"line":226,"column":29}},{"start":{"line":226,"column":29},"end":{"line":226,"column":67}}],"line":226},"17":{"loc":{"start":{"line":229,"column":4},"end":{"line":231,"column":null}},"type":"if","locations":[{"start":{"line":229,"column":4},"end":{"line":231,"column":null}},{"start":{},"end":{}}],"line":229},"18":{"loc":{"start":{"line":232,"column":4},"end":{"line":234,"column":null}},"type":"if","locations":[{"start":{"line":232,"column":4},"end":{"line":234,"column":null}},{"start":{},"end":{}}],"line":232},"19":{"loc":{"start":{"line":236,"column":4},"end":{"line":242,"column":null}},"type":"if","locations":[{"start":{"line":236,"column":4},"end":{"line":242,"column":null}},{"start":{},"end":{}}],"line":236},"20":{"loc":{"start":{"line":236,"column":8},"end":{"line":236,"column":67}},"type":"binary-expr","locations":[{"start":{"line":236,"column":8},"end":{"line":236,"column":33}},{"start":{"line":236,"column":33},"end":{"line":236,"column":67}}],"line":236},"21":{"loc":{"start":{"line":237,"column":6},"end":{"line":241,"column":null}},"type":"if","locations":[{"start":{"line":237,"column":6},"end":{"line":241,"column":null}},{"start":{"line":239,"column":6},"end":{"line":241,"column":null}}],"line":237},"22":{"loc":{"start":{"line":239,"column":6},"end":{"line":241,"column":null}},"type":"if","locations":[{"start":{"line":239,"column":6},"end":{"line":241,"column":null}},{"start":{},"end":{}}],"line":239},"23":{"loc":{"start":{"line":243,"column":2},"end":{"line":282,"column":null}},"type":"if","locations":[{"start":{"line":243,"column":2},"end":{"line":282,"column":null}},{"start":{"line":261,"column":2},"end":{"line":282,"column":null}}],"line":243},"24":{"loc":{"start":{"line":244,"column":4},"end":{"line":246,"column":null}},"type":"if","locations":[{"start":{"line":244,"column":4},"end":{"line":246,"column":null}},{"start":{},"end":{}}],"line":244},"25":{"loc":{"start":{"line":244,"column":8},"end":{"line":244,"column":63}},"type":"binary-expr","locations":[{"start":{"line":244,"column":8},"end":{"line":244,"column":27}},{"start":{"line":244,"column":27},"end":{"line":244,"column":63}}],"line":244},"26":{"loc":{"start":{"line":247,"column":4},"end":{"line":249,"column":null}},"type":"if","locations":[{"start":{"line":247,"column":4},"end":{"line":249,"column":null}},{"start":{},"end":{}}],"line":247},"27":{"loc":{"start":{"line":250,"column":4},"end":{"line":252,"column":null}},"type":"if","locations":[{"start":{"line":250,"column":4},"end":{"line":252,"column":null}},{"start":{},"end":{}}],"line":250},"28":{"loc":{"start":{"line":250,"column":8},"end":{"line":250,"column":61}},"type":"binary-expr","locations":[{"start":{"line":250,"column":8},"end":{"line":250,"column":32}},{"start":{"line":250,"column":32},"end":{"line":250,"column":61}}],"line":250},"29":{"loc":{"start":{"line":254,"column":4},"end":{"line":260,"column":null}},"type":"if","locations":[{"start":{"line":254,"column":4},"end":{"line":260,"column":null}},{"start":{},"end":{}}],"line":254},"30":{"loc":{"start":{"line":254,"column":8},"end":{"line":254,"column":67}},"type":"binary-expr","locations":[{"start":{"line":254,"column":8},"end":{"line":254,"column":33}},{"start":{"line":254,"column":33},"end":{"line":254,"column":67}}],"line":254},"31":{"loc":{"start":{"line":255,"column":6},"end":{"line":259,"column":null}},"type":"if","locations":[{"start":{"line":255,"column":6},"end":{"line":259,"column":null}},{"start":{"line":257,"column":6},"end":{"line":259,"column":null}}],"line":255},"32":{"loc":{"start":{"line":257,"column":6},"end":{"line":259,"column":null}},"type":"if","locations":[{"start":{"line":257,"column":6},"end":{"line":259,"column":null}},{"start":{},"end":{}}],"line":257},"33":{"loc":{"start":{"line":261,"column":2},"end":{"line":282,"column":null}},"type":"if","locations":[{"start":{"line":261,"column":2},"end":{"line":282,"column":null}},{"start":{},"end":{}}],"line":261},"34":{"loc":{"start":{"line":262,"column":4},"end":{"line":264,"column":null}},"type":"if","locations":[{"start":{"line":262,"column":4},"end":{"line":264,"column":null}},{"start":{},"end":{}}],"line":262},"35":{"loc":{"start":{"line":262,"column":8},"end":{"line":262,"column":63}},"type":"binary-expr","locations":[{"start":{"line":262,"column":8},"end":{"line":262,"column":27}},{"start":{"line":262,"column":27},"end":{"line":262,"column":63}}],"line":262},"36":{"loc":{"start":{"line":265,"column":4},"end":{"line":267,"column":null}},"type":"if","locations":[{"start":{"line":265,"column":4},"end":{"line":267,"column":null}},{"start":{},"end":{}}],"line":265},"37":{"loc":{"start":{"line":265,"column":8},"end":{"line":265,"column":64}},"type":"binary-expr","locations":[{"start":{"line":265,"column":8},"end":{"line":265,"column":31}},{"start":{"line":265,"column":31},"end":{"line":265,"column":64}}],"line":265},"38":{"loc":{"start":{"line":268,"column":4},"end":{"line":270,"column":null}},"type":"if","locations":[{"start":{"line":268,"column":4},"end":{"line":270,"column":null}},{"start":{},"end":{}}],"line":268},"39":{"loc":{"start":{"line":271,"column":4},"end":{"line":273,"column":null}},"type":"if","locations":[{"start":{"line":271,"column":4},"end":{"line":273,"column":null}},{"start":{},"end":{}}],"line":271},"40":{"loc":{"start":{"line":271,"column":8},"end":{"line":271,"column":61}},"type":"binary-expr","locations":[{"start":{"line":271,"column":8},"end":{"line":271,"column":32}},{"start":{"line":271,"column":32},"end":{"line":271,"column":61}}],"line":271},"41":{"loc":{"start":{"line":275,"column":4},"end":{"line":281,"column":null}},"type":"if","locations":[{"start":{"line":275,"column":4},"end":{"line":281,"column":null}},{"start":{},"end":{}}],"line":275},"42":{"loc":{"start":{"line":275,"column":8},"end":{"line":275,"column":67}},"type":"binary-expr","locations":[{"start":{"line":275,"column":8},"end":{"line":275,"column":33}},{"start":{"line":275,"column":33},"end":{"line":275,"column":67}}],"line":275},"43":{"loc":{"start":{"line":276,"column":6},"end":{"line":280,"column":null}},"type":"if","locations":[{"start":{"line":276,"column":6},"end":{"line":280,"column":null}},{"start":{"line":278,"column":6},"end":{"line":280,"column":null}}],"line":276},"44":{"loc":{"start":{"line":278,"column":6},"end":{"line":280,"column":null}},"type":"if","locations":[{"start":{"line":278,"column":6},"end":{"line":280,"column":null}},{"start":{},"end":{}}],"line":278},"45":{"loc":{"start":{"line":287,"column":14},"end":{"line":287,"column":null}},"type":"cond-expr","locations":[{"start":{"line":287,"column":36},"end":{"line":287,"column":47}},{"start":{"line":287,"column":47},"end":{"line":287,"column":null}}],"line":287}},"s":{"0":2,"1":2,"2":2,"3":2,"4":2,"5":2,"6":20,"7":7,"8":4,"9":3,"10":18,"11":18,"12":18,"13":1,"14":18,"15":2,"16":18,"17":12,"18":2,"19":12,"20":1,"21":12,"22":2,"23":12,"24":0,"25":6,"26":3,"27":0,"28":3,"29":0,"30":3,"31":0,"32":3,"33":3,"34":0,"35":3,"36":3,"37":3,"38":1,"39":0,"40":1,"41":0,"42":1,"43":0,"44":1,"45":1,"46":0,"47":1,"48":1,"49":2,"50":2,"51":0,"52":2,"53":1,"54":2,"55":0,"56":2,"57":0,"58":2,"59":2,"60":0,"61":2,"62":2,"63":18},"f":{"0":2,"1":20,"2":7,"3":4,"4":3,"5":18},"b":{"0":[2,2],"1":[1,17],"2":[18,17],"3":[2,16],"4":[18,16],"5":[12,6],"6":[2,10],"7":[12,10],"8":[1,11],"9":[12,12],"10":[2,10],"11":[12,10],"12":[0,12],"13":[12,10],"14":[3,3],"15":[0,3],"16":[3,3],"17":[0,3],"18":[0,3],"19":[3,0],"20":[3,3],"21":[0,3],"22":[3,0],"23":[1,2],"24":[0,1],"25":[1,1],"26":[0,1],"27":[0,1],"28":[1,1],"29":[1,0],"30":[1,1],"31":[0,1],"32":[1,0],"33":[2,0],"34":[0,2],"35":[2,2],"36":[1,1],"37":[2,2],"38":[0,2],"39":[0,2],"40":[2,2],"41":[2,0],"42":[2,2],"43":[0,2],"44":[2,0],"45":[7,11]},"meta":{"lastBranch":46,"lastFunction":6,"lastStatement":64,"seen":{"s:10:7:10:Infinity":0,"f:10:7:10:12":0,"s:11:2:11:Infinity":1,"s:12:2:12:Infinity":2,"s:13:2:13:Infinity":3,"s:14:2:14:Infinity":4,"s:10:12:10:Infinity":5,"b:10:12:10:Infinity:10:12:10:Infinity":0,"f:157:16:157:Infinity":1,"s:160:2:160:Infinity":6,"f:166:16:166:Infinity":2,"s:169:2:169:Infinity":7,"f:175:16:175:Infinity":3,"s:178:2:178:Infinity":8,"f:184:16:184:Infinity":4,"s:187:2:187:Infinity":9,"f:195:16:195:Infinity":5,"s:198:27:198:Infinity":10,"s:199:29:199:Infinity":11,"b:202:2:204:Infinity:undefined:undefined:undefined:undefined":1,"s:202:2:204:Infinity":12,"b:202:6:202:23:202:23:202:57":2,"s:203:4:203:Infinity":13,"b:206:2:208:Infinity:undefined:undefined:undefined:undefined":3,"s:206:2:208:Infinity":14,"b:206:6:206:32:206:32:206:75":4,"s:207:4:207:Infinity":15,"b:211:2:282:Infinity:225:2:282:Infinity":5,"s:211:2:282:Infinity":16,"b:212:4:214:Infinity:undefined:undefined:undefined:undefined":6,"s:212:4:214:Infinity":17,"b:212:8:212:27:212:27:212:63":7,"s:213:6:213:Infinity":18,"b:215:4:217:Infinity:undefined:undefined:undefined:undefined":8,"s:215:4:217:Infinity":19,"b:215:8:215:32:215:32:215:55":9,"s:216:6:216:Infinity":20,"b:218:4:220:Infinity:undefined:undefined:undefined:undefined":10,"s:218:4:220:Infinity":21,"b:218:8:218:32:218:32:218:61":11,"s:219:6:219:Infinity":22,"b:222:4:224:Infinity:undefined:undefined:undefined:undefined":12,"s:222:4:224:Infinity":23,"b:222:8:222:33:222:33:222:86":13,"s:223:6:223:Infinity":24,"b:225:2:282:Infinity:243:2:282:Infinity":14,"s:225:2:282:Infinity":25,"b:226:4:228:Infinity:undefined:undefined:undefined:undefined":15,"s:226:4:228:Infinity":26,"b:226:8:226:29:226:29:226:67":16,"s:227:6:227:Infinity":27,"b:229:4:231:Infinity:undefined:undefined:undefined:undefined":17,"s:229:4:231:Infinity":28,"s:230:6:230:Infinity":29,"b:232:4:234:Infinity:undefined:undefined:undefined:undefined":18,"s:232:4:234:Infinity":30,"s:233:6:233:Infinity":31,"b:236:4:242:Infinity:undefined:undefined:undefined:undefined":19,"s:236:4:242:Infinity":32,"b:236:8:236:33:236:33:236:67":20,"b:237:6:241:Infinity:239:6:241:Infinity":21,"s:237:6:241:Infinity":33,"s:238:8:238:Infinity":34,"b:239:6:241:Infinity:undefined:undefined:undefined:undefined":22,"s:239:6:241:Infinity":35,"s:240:8:240:Infinity":36,"b:243:2:282:Infinity:261:2:282:Infinity":23,"s:243:2:282:Infinity":37,"b:244:4:246:Infinity:undefined:undefined:undefined:undefined":24,"s:244:4:246:Infinity":38,"b:244:8:244:27:244:27:244:63":25,"s:245:6:245:Infinity":39,"b:247:4:249:Infinity:undefined:undefined:undefined:undefined":26,"s:247:4:249:Infinity":40,"s:248:6:248:Infinity":41,"b:250:4:252:Infinity:undefined:undefined:undefined:undefined":27,"s:250:4:252:Infinity":42,"b:250:8:250:32:250:32:250:61":28,"s:251:6:251:Infinity":43,"b:254:4:260:Infinity:undefined:undefined:undefined:undefined":29,"s:254:4:260:Infinity":44,"b:254:8:254:33:254:33:254:67":30,"b:255:6:259:Infinity:257:6:259:Infinity":31,"s:255:6:259:Infinity":45,"s:256:8:256:Infinity":46,"b:257:6:259:Infinity:undefined:undefined:undefined:undefined":32,"s:257:6:259:Infinity":47,"s:258:8:258:Infinity":48,"b:261:2:282:Infinity:undefined:undefined:undefined:undefined":33,"s:261:2:282:Infinity":49,"b:262:4:264:Infinity:undefined:undefined:undefined:undefined":34,"s:262:4:264:Infinity":50,"b:262:8:262:27:262:27:262:63":35,"s:263:6:263:Infinity":51,"b:265:4:267:Infinity:undefined:undefined:undefined:undefined":36,"s:265:4:267:Infinity":52,"b:265:8:265:31:265:31:265:64":37,"s:266:6:266:Infinity":53,"b:268:4:270:Infinity:undefined:undefined:undefined:undefined":38,"s:268:4:270:Infinity":54,"s:269:6:269:Infinity":55,"b:271:4:273:Infinity:undefined:undefined:undefined:undefined":39,"s:271:4:273:Infinity":56,"b:271:8:271:32:271:32:271:61":40,"s:272:6:272:Infinity":57,"b:275:4:281:Infinity:undefined:undefined:undefined:undefined":41,"s:275:4:281:Infinity":58,"b:275:8:275:33:275:33:275:67":42,"b:276:6:280:Infinity:278:6:280:Infinity":43,"s:276:6:280:Infinity":59,"s:277:8:277:Infinity":60,"b:278:6:280:Infinity:undefined:undefined:undefined:undefined":44,"s:278:6:280:Infinity":61,"s:279:8:279:Infinity":62,"s:284:2:288:Infinity":63,"b:287:36:287:47:287:47:287:Infinity":45}}}
,"/home/runner/work/biatec-tokens/biatec-tokens/src/utils/address.ts": {"path":"/home/runner/work/biatec-tokens/biatec-tokens/src/utils/address.ts","statementMap":{"0":{"start":{"line":13,"column":2},"end":{"line":15,"column":null}},"1":{"start":{"line":14,"column":4},"end":{"line":14,"column":null}},"2":{"start":{"line":17,"column":2},"end":{"line":17,"column":null}},"3":{"start":{"line":26,"column":2},"end":{"line":28,"column":null}},"4":{"start":{"line":27,"column":4},"end":{"line":27,"column":null}},"5":{"start":{"line":31,"column":2},"end":{"line":33,"column":null}},"6":{"start":{"line":32,"column":4},"end":{"line":32,"column":null}},"7":{"start":{"line":36,"column":21},"end":{"line":36,"column":null}},"8":{"start":{"line":37,"column":2},"end":{"line":37,"column":null}}},"fnMap":{"0":{"name":"formatAddress","decl":{"start":{"line":8,"column":16},"end":{"line":8,"column":null}},"loc":{"start":{"line":12,"column":10},"end":{"line":18,"column":null}},"line":12},"1":{"name":"isValidAlgorandAddress","decl":{"start":{"line":25,"column":16},"end":{"line":25,"column":39}},"loc":{"start":{"line":25,"column":65},"end":{"line":38,"column":null}},"line":25}},"branchMap":{"0":{"loc":{"start":{"line":10,"column":2},"end":{"line":10,"column":null}},"type":"default-arg","locations":[{"start":{"line":10,"column":24},"end":{"line":10,"column":null}}],"line":10},"1":{"loc":{"start":{"line":11,"column":2},"end":{"line":11,"column":null}},"type":"default-arg","locations":[{"start":{"line":11,"column":22},"end":{"line":11,"column":null}}],"line":11},"2":{"loc":{"start":{"line":13,"column":2},"end":{"line":15,"column":null}},"type":"if","locations":[{"start":{"line":13,"column":2},"end":{"line":15,"column":null}},{"start":{},"end":{}}],"line":13},"3":{"loc":{"start":{"line":13,"column":6},"end":{"line":13,"column":61}},"type":"binary-expr","locations":[{"start":{"line":13,"column":6},"end":{"line":13,"column":18}},{"start":{"line":13,"column":18},"end":{"line":13,"column":61}}],"line":13},"4":{"loc":{"start":{"line":26,"column":2},"end":{"line":28,"column":null}},"type":"if","locations":[{"start":{"line":26,"column":2},"end":{"line":28,"column":null}},{"start":{},"end":{}}],"line":26},"5":{"loc":{"start":{"line":31,"column":2},"end":{"line":33,"column":null}},"type":"if","locations":[{"start":{"line":31,"column":2},"end":{"line":33,"column":null}},{"start":{},"end":{}}],"line":31}},"s":{"0":4,"1":2,"2":2,"3":5,"4":1,"5":4,"6":3,"7":1,"8":1},"f":{"0":4,"1":5},"b":{"0":[4],"1":[4],"2":[2,2],"3":[4,3],"4":[1,4],"5":[3,1]},"meta":{"lastBranch":6,"lastFunction":2,"lastStatement":9,"seen":{"f:8:16:8:Infinity":0,"b:10:24:10:Infinity":0,"b:11:22:11:Infinity":1,"b:13:2:15:Infinity:undefined:undefined:undefined:undefined":2,"s:13:2:15:Infinity":0,"b:13:6:13:18:13:18:13:61":3,"s:14:4:14:Infinity":1,"s:17:2:17:Infinity":2,"f:25:16:25:39":1,"b:26:2:28:Infinity:undefined:undefined:undefined:undefined":4,"s:26:2:28:Infinity":3,"s:27:4:27:Infinity":4,"b:31:2:33:Infinity:undefined:undefined:undefined:undefined":5,"s:31:2:33:Infinity":5,"s:32:4:32:Infinity":6,"s:36:21:36:Infinity":7,"s:37:2:37:Infinity":8}}}
}
